Using pre-set license
Built from '2021.1/staging' branch; Version is '2021.1.7f1 (d91830b65d9b) revision 14227504'; Using compiler version '192528614'; Build Type 'Release'
OS: 'Windows 10 Home Single Language; OS build 19042.1466; Version 2009; 64bit' Language: 'pt' Physical Memory: 8098 MB
BatchMode: 1, IsHumanControllingUs: 0, StartBugReporterOnCrash: 0, Is64bit: 1, IsPro: 0

 COMMAND LINE ARGUMENTS:
C:\Program Files\Unity\Hub\Editor\2021.1.7f1\Editor\Unity.exe
-adb2
-batchMode
-noUpm
-name
AssetImportWorker6
-projectPath
C:/Users/renat/OneDrive/Documentos/GitHub/gitTime01/Time 01
-logFile
Logs/AssetImportWorker6.log
-srvPort
63819
Successfully changed project path to: C:/Users/renat/OneDrive/Documentos/GitHub/gitTime01/Time 01
C:/Users/renat/OneDrive/Documentos/GitHub/gitTime01/Time 01
Using Asset Import Pipeline V2.
Refreshing native plugins compatible for Editor in 158.16 ms, found 2 plugins.
Preloading 0 native plugins for Editor in 0.00 ms.
Initialize engine version: 2021.1.7f1 (d91830b65d9b)
[Subsystems] Discovering subsystems at path C:/Program Files/Unity/Hub/Editor/2021.1.7f1/Editor/Data/Resources/UnitySubsystems
[Subsystems] Discovering subsystems at path C:/Users/renat/OneDrive/Documentos/GitHub/gitTime01/Time 01/Assets
GfxDevice: creating device client; threaded=0; jobified=0
Direct3D:
    Version:  Direct3D 11.0 [level 11.1]
    Renderer: Intel(R) HD Graphics 520 (ID=0x1916)
    Vendor:   Intel
    VRAM:     4049 MB
    Driver:   27.20.100.8681
Shader 'Universal Render Pipeline/Particles/Lit': fallback shader 'Universal Render Pipeline/Particles/SimpleLit' not found
Initialize mono
Mono path[0] = 'C:/Program Files/Unity/Hub/Editor/2021.1.7f1/Editor/Data/Managed'
Mono path[1] = 'C:/Program Files/Unity/Hub/Editor/2021.1.7f1/Editor/Data/MonoBleedingEdge/lib/mono/unityjit'
Mono config path = 'C:/Program Files/Unity/Hub/Editor/2021.1.7f1/Editor/Data/MonoBleedingEdge/etc'
Using monoOptions --debugger-agent=transport=dt_socket,embedding=1,server=y,suspend=n,address=127.0.0.1:56096
Begin MonoManager ReloadAssembly
Registering precompiled unity dll's ...
Register platform support module: C:/Program Files/Unity/Hub/Editor/2021.1.7f1/Editor/Data/PlaybackEngines/MacStandaloneSupport/UnityEditor.OSXStandalone.Extensions.dll
Register platform support module: C:/Program Files/Unity/Hub/Editor/2021.1.7f1/Editor/Data/PlaybackEngines/WindowsStandaloneSupport/UnityEditor.WindowsStandalone.Extensions.dll
Register platform support module: C:/Program Files/Unity/Hub/Editor/2021.1.7f1/Editor/Data/PlaybackEngines/LinuxStandaloneSupport/UnityEditor.LinuxStandalone.Extensions.dll
Registered in 0.003690 seconds.
Native extension for LinuxStandalone target not found
Native extension for WindowsStandalone target not found
Native extension for OSXStandalone target not found
Refreshing native plugins compatible for Editor in 149.66 ms, found 2 plugins.
Preloading 0 native plugins for Editor in 0.00 ms.
Mono: successfully reloaded assembly
- Completed reload, in  1.616 seconds
Platform modules already initialized, skipping
Registering precompiled user dll's ...
Registered in 0.004442 seconds.
Begin MonoManager ReloadAssembly
Symbol file LoadedFromMemory doesn't match image C:\Users\renat\OneDrive\Documentos\GitHub\gitTime01\Time 01\Library\PackageCache\com.unity.visualscripting@1.6.1\Editor\VisualScripting.Core\Dependencies\YamlDotNet\Unity.VisualScripting.YamlDotNet.dll
Symbol file LoadedFromMemory doesn't match image C:\Users\renat\OneDrive\Documentos\GitHub\gitTime01\Time 01\Library\PackageCache\com.unity.visualscripting@1.6.1\Editor\VisualScripting.Core\Dependencies\DotNetZip\Unity.VisualScripting.IonicZip.dll
Native extension for LinuxStandalone target not found
Native extension for WindowsStandalone target not found
Native extension for OSXStandalone target not found
Refreshing native plugins compatible for Editor in 149.03 ms, found 2 plugins.
Preloading 0 native plugins for Editor in 0.00 ms.
Mono: successfully reloaded assembly
- Completed reload, in  2.798 seconds
Platform modules already initialized, skipping
========================================================================
Worker process is ready to serve import requests
Shader 'Universal Render Pipeline/Particles/Lit': fallback shader 'Universal Render Pipeline/Particles/SimpleLit' not found
Launched and connected shader compiler UnityShaderCompiler.exe after 0.23 seconds
Refreshing native plugins compatible for Editor in 0.86 ms, found 2 plugins.
Preloading 0 native plugins for Editor in 0.00 ms.
Unloading 4548 Unused Serialized files (Serialized files now loaded: 0)
System memory in use before: 196.1 MB.
System memory in use after: 196.2 MB.

Unloading 27 unused Assets to reduce memory usage. Loaded Objects now: 5026.
Total: 4.258300 ms (FindLiveObjects: 0.428200 ms CreateObjectMapping: 0.388300 ms MarkObjects: 3.265100 ms  DeleteObjects: 0.175200 ms)

========================================================================
Received Import Request.
  path: Assets/Scripts/Player/Player.cs
  artifactKey: Guid(f4ad7f0cfef24ff4f8bb250030598d51) Importer(815301076,1909f56bfc062723c751e8b465ee728b)
Start importing Assets/Scripts/Player/Player.cs using Guid(f4ad7f0cfef24ff4f8bb250030598d51) Importer(815301076,1909f56bfc062723c751e8b465ee728b)  -> (artifact id: '2f0f6214a20f282f22c3f27bb2cd88f6') in 0.394585 seconds 
========================================================================
Received Import Request.
  Time since last request: 42.762922 seconds.
  path: Assets/Scripts/Player/Player.cs
  artifactKey: Guid(f4ad7f0cfef24ff4f8bb250030598d51) Importer(815301076,1909f56bfc062723c751e8b465ee728b)
Start importing Assets/Scripts/Player/Player.cs using Guid(f4ad7f0cfef24ff4f8bb250030598d51) Importer(815301076,1909f56bfc062723c751e8b465ee728b)  -> (artifact id: '86561bd32393e716e511e46a5414523c') in 0.012564 seconds 
========================================================================
Received Import Request.
  Time since last request: 27.344480 seconds.
  path: Assets/Scripts/Player/Player.cs
  artifactKey: Guid(f4ad7f0cfef24ff4f8bb250030598d51) Importer(815301076,1909f56bfc062723c751e8b465ee728b)
Start importing Assets/Scripts/Player/Player.cs using Guid(f4ad7f0cfef24ff4f8bb250030598d51) Importer(815301076,1909f56bfc062723c751e8b465ee728b)  -> (artifact id: '7d26ec797e516f375e046b2016b26f19') in 0.004299 seconds 
========================================================================
Received Prepare
Registering precompiled user dll's ...
Registered in 0.004089 seconds.
Begin MonoManager ReloadAssembly
Symbol file LoadedFromMemory doesn't match image C:\Users\renat\OneDrive\Documentos\GitHub\gitTime01\Time 01\Library\PackageCache\com.unity.visualscripting@1.6.1\Editor\VisualScripting.Core\Dependencies\YamlDotNet\Unity.VisualScripting.YamlDotNet.dll
Symbol file LoadedFromMemory doesn't match image C:\Users\renat\OneDrive\Documentos\GitHub\gitTime01\Time 01\Library\PackageCache\com.unity.visualscripting@1.6.1\Editor\VisualScripting.Core\Dependencies\DotNetZip\Unity.VisualScripting.IonicZip.dll
Native extension for LinuxStandalone target not found
Native extension for WindowsStandalone target not found
Native extension for OSXStandalone target not found
Refreshing native plugins compatible for Editor in 0.95 ms, found 2 plugins.
Preloading 0 native plugins for Editor in 0.00 ms.
Mono: successfully reloaded assembly
- Completed reload, in  1.666 seconds
Platform modules already initialized, skipping
Shader 'Universal Render Pipeline/Particles/Lit': fallback shader 'Universal Render Pipeline/Particles/SimpleLit' not found
Refreshing native plugins compatible for Editor in 0.87 ms, found 2 plugins.
Preloading 0 native plugins for Editor in 0.00 ms.
Unloading 4438 Unused Serialized files (Serialized files now loaded: 0)
System memory in use before: 189.1 MB.
System memory in use after: 189.2 MB.

Unloading 16 unused Assets to reduce memory usage. Loaded Objects now: 5030.
Total: 3.733800 ms (FindLiveObjects: 0.367700 ms CreateObjectMapping: 0.313900 ms MarkObjects: 2.852100 ms  DeleteObjects: 0.198600 ms)

========================================================================
Received Import Request.
  Time since last request: 43.958869 seconds.
  path: Assets/Scripts/Player/Player.cs
  artifactKey: Guid(f4ad7f0cfef24ff4f8bb250030598d51) Importer(815301076,1909f56bfc062723c751e8b465ee728b)
Start importing Assets/Scripts/Player/Player.cs using Guid(f4ad7f0cfef24ff4f8bb250030598d51) Importer(815301076,1909f56bfc062723c751e8b465ee728b)  -> (artifact id: 'aeefce3c9c088ccdd64b77a2edc01ed4') in 0.008471 seconds 
========================================================================
Received Prepare
Registering precompiled user dll's ...
Registered in 0.004939 seconds.
Begin MonoManager ReloadAssembly
Symbol file LoadedFromMemory doesn't match image C:\Users\renat\OneDrive\Documentos\GitHub\gitTime01\Time 01\Library\PackageCache\com.unity.visualscripting@1.6.1\Editor\VisualScripting.Core\Dependencies\YamlDotNet\Unity.VisualScripting.YamlDotNet.dll
Symbol file LoadedFromMemory doesn't match image C:\Users\renat\OneDrive\Documentos\GitHub\gitTime01\Time 01\Library\PackageCache\com.unity.visualscripting@1.6.1\Editor\VisualScripting.Core\Dependencies\DotNetZip\Unity.VisualScripting.IonicZip.dll
Native extension for LinuxStandalone target not found
Native extension for WindowsStandalone target not found
Native extension for OSXStandalone target not found
Refreshing native plugins compatible for Editor in 0.96 ms, found 2 plugins.
Preloading 0 native plugins for Editor in 0.00 ms.
Mono: successfully reloaded assembly
- Completed reload, in  1.639 seconds
Platform modules already initialized, skipping
Shader 'Universal Render Pipeline/Particles/Lit': fallback shader 'Universal Render Pipeline/Particles/SimpleLit' not found
Refreshing native plugins compatible for Editor in 0.98 ms, found 2 plugins.
Preloading 0 native plugins for Editor in 0.00 ms.
Unloading 4438 Unused Serialized files (Serialized files now loaded: 0)
System memory in use before: 189.2 MB.
System memory in use after: 189.3 MB.

Unloading 16 unused Assets to reduce memory usage. Loaded Objects now: 5034.
Total: 4.515400 ms (FindLiveObjects: 0.550900 ms CreateObjectMapping: 0.431900 ms MarkObjects: 3.395000 ms  DeleteObjects: 0.135900 ms)

========================================================================
Received Import Request.
  Time since last request: 550.061083 seconds.
  path: Assets/Sprites/Player/Forma4/Abaixando/Andando
  artifactKey: Guid(481a53c37f9399d4b9f097c11f82d60e) Importer(815301076,1909f56bfc062723c751e8b465ee728b)
Start importing Assets/Sprites/Player/Forma4/Abaixando/Andando using Guid(481a53c37f9399d4b9f097c11f82d60e) Importer(815301076,1909f56bfc062723c751e8b465ee728b)  -> (artifact id: 'faddd5e926ec55a75c24a32c79769d77') in 0.040152 seconds 
========================================================================
Received Import Request.
  Time since last request: 30.827239 seconds.
  path: Assets/Sprites/Player/Forma4/Abaixando/Andando/forma04_01_andando_abaixado1.png
  artifactKey: Guid(e7dbc410aff38b94ba85200b1626138f) Importer(815301076,1909f56bfc062723c751e8b465ee728b)
Start importing Assets/Sprites/Player/Forma4/Abaixando/Andando/forma04_01_andando_abaixado1.png using Guid(e7dbc410aff38b94ba85200b1626138f) Importer(815301076,1909f56bfc062723c751e8b465ee728b)  -> (artifact id: 'e2ddc8f2f70358a80d6909b4d4000d97') in 0.389433 seconds 
========================================================================
Received Import Request.
  Time since last request: 0.000441 seconds.
  path: Assets/Sprites/Player/Forma4/Abaixando/Andando/forma04_01_andando_abaixado2.png
  artifactKey: Guid(9b7747ba93bfb0d4c9309b10a888124f) Importer(815301076,1909f56bfc062723c751e8b465ee728b)
Start importing Assets/Sprites/Player/Forma4/Abaixando/Andando/forma04_01_andando_abaixado2.png using Guid(9b7747ba93bfb0d4c9309b10a888124f) Importer(815301076,1909f56bfc062723c751e8b465ee728b)  -> (artifact id: '2fba58d2f8619e517868ecd6f77c3c3f') in 0.035802 seconds 
========================================================================
Received Import Request.
  Time since last request: 6.257456 seconds.
  path: Assets/Sprites/Player/Forma4/Abaixando/Andando/forma04_01_andando_abaixado1.png
  artifactKey: Guid(e7dbc410aff38b94ba85200b1626138f) Importer(815301076,1909f56bfc062723c751e8b465ee728b)
Start importing Assets/Sprites/Player/Forma4/Abaixando/Andando/forma04_01_andando_abaixado1.png using Guid(e7dbc410aff38b94ba85200b1626138f) Importer(815301076,1909f56bfc062723c751e8b465ee728b)  -> (artifact id: '886c10597cc776dd4f1af97548f72440') in 0.022754 seconds 
========================================================================
Received Import Request.
  Time since last request: 0.000414 seconds.
  path: Assets/Sprites/Player/Forma4/Abaixando/Andando/forma04_01_andando_abaixado2.png
  artifactKey: Guid(9b7747ba93bfb0d4c9309b10a888124f) Importer(815301076,1909f56bfc062723c751e8b465ee728b)
Start importing Assets/Sprites/Player/Forma4/Abaixando/Andando/forma04_01_andando_abaixado2.png using Guid(9b7747ba93bfb0d4c9309b10a888124f) Importer(815301076,1909f56bfc062723c751e8b465ee728b)  -> (artifact id: '1057ba3722d1304b04fb78f001d35a75') in 0.018821 seconds 
========================================================================
Received Import Request.
  Time since last request: 122.353176 seconds.
  path: Assets/animacoes/Player/04/Player04.controller
  artifactKey: Guid(417f722d7d862be479fd46e010cc4643) Importer(815301076,1909f56bfc062723c751e8b465ee728b)
Start importing Assets/animacoes/Player/04/Player04.controller using Guid(417f722d7d862be479fd46e010cc4643) Importer(815301076,1909f56bfc062723c751e8b465ee728b)  -> (artifact id: '9cc36698cde99600611c89109dc6360e') in 0.180168 seconds 
========================================================================
Received Import Request.
  Time since last request: 0.639953 seconds.
  path: Assets/animacoes/Player/04/Player04.controller
  artifactKey: Guid(417f722d7d862be479fd46e010cc4643) Importer(815301076,1909f56bfc062723c751e8b465ee728b)
Start importing Assets/animacoes/Player/04/Player04.controller using Guid(417f722d7d862be479fd46e010cc4643) Importer(815301076,1909f56bfc062723c751e8b465ee728b)  -> (artifact id: '5fcaebe2995a910b09330e62bca56d65') in 0.010911 seconds 
========================================================================
Received Prepare
Registering precompiled user dll's ...
Registered in 0.006813 seconds.
Begin MonoManager ReloadAssembly
Symbol file LoadedFromMemory doesn't match image C:\Users\renat\OneDrive\Documentos\GitHub\gitTime01\Time 01\Library\PackageCache\com.unity.visualscripting@1.6.1\Editor\VisualScripting.Core\Dependencies\YamlDotNet\Unity.VisualScripting.YamlDotNet.dll
Symbol file LoadedFromMemory doesn't match image C:\Users\renat\OneDrive\Documentos\GitHub\gitTime01\Time 01\Library\PackageCache\com.unity.visualscripting@1.6.1\Editor\VisualScripting.Core\Dependencies\DotNetZip\Unity.VisualScripting.IonicZip.dll
Native extension for LinuxStandalone target not found
Native extension for WindowsStandalone target not found
Native extension for OSXStandalone target not found
Refreshing native plugins compatible for Editor in 1.42 ms, found 2 plugins.
Preloading 0 native plugins for Editor in 0.00 ms.
Mono: successfully reloaded assembly
- Completed reload, in  1.791 seconds
Platform modules already initialized, skipping
Shader 'Universal Render Pipeline/Particles/Lit': fallback shader 'Universal Render Pipeline/Particles/SimpleLit' not found
Refreshing native plugins compatible for Editor in 1.54 ms, found 2 plugins.
Preloading 0 native plugins for Editor in 0.00 ms.
Unloading 4440 Unused Serialized files (Serialized files now loaded: 0)
System memory in use before: 195.0 MB.
System memory in use after: 195.2 MB.

Unloading 16 unused Assets to reduce memory usage. Loaded Objects now: 5102.
Total: 3.744700 ms (FindLiveObjects: 0.376000 ms CreateObjectMapping: 0.266600 ms MarkObjects: 2.976800 ms  DeleteObjects: 0.124100 ms)

========================================================================
Received Import Request.
  Time since last request: 149.261331 seconds.
  path: Assets/Scripts/Player/Player.cs
  artifactKey: Guid(f4ad7f0cfef24ff4f8bb250030598d51) Importer(815301076,1909f56bfc062723c751e8b465ee728b)
Start importing Assets/Scripts/Player/Player.cs using Guid(f4ad7f0cfef24ff4f8bb250030598d51) Importer(815301076,1909f56bfc062723c751e8b465ee728b)  -> (artifact id: '6956cb0869ed895105172185e68c9c84') in 0.016699 seconds 
========================================================================
Received Prepare
Registering precompiled user dll's ...
Registered in 0.004555 seconds.
Begin MonoManager ReloadAssembly
Symbol file LoadedFromMemory doesn't match image C:\Users\renat\OneDrive\Documentos\GitHub\gitTime01\Time 01\Library\PackageCache\com.unity.visualscripting@1.6.1\Editor\VisualScripting.Core\Dependencies\YamlDotNet\Unity.VisualScripting.YamlDotNet.dll
Symbol file LoadedFromMemory doesn't match image C:\Users\renat\OneDrive\Documentos\GitHub\gitTime01\Time 01\Library\PackageCache\com.unity.visualscripting@1.6.1\Editor\VisualScripting.Core\Dependencies\DotNetZip\Unity.VisualScripting.IonicZip.dll
Native extension for LinuxStandalone target not found
Native extension for WindowsStandalone target not found
Native extension for OSXStandalone target not found
Refreshing native plugins compatible for Editor in 1.07 ms, found 2 plugins.
Preloading 0 native plugins for Editor in 0.00 ms.
Mono: successfully reloaded assembly
- Completed reload, in  1.869 seconds
Platform modules already initialized, skipping
Shader 'Universal Render Pipeline/Particles/Lit': fallback shader 'Universal Render Pipeline/Particles/SimpleLit' not found
Refreshing native plugins compatible for Editor in 0.95 ms, found 2 plugins.
Preloading 0 native plugins for Editor in 0.00 ms.
Unloading 4438 Unused Serialized files (Serialized files now loaded: 0)
System memory in use before: 195.0 MB.
System memory in use after: 195.1 MB.

Unloading 16 unused Assets to reduce memory usage. Loaded Objects now: 5106.
Total: 4.347700 ms (FindLiveObjects: 0.389600 ms CreateObjectMapping: 0.351600 ms MarkObjects: 3.474000 ms  DeleteObjects: 0.131300 ms)

========================================================================
Received Prepare
Registering precompiled user dll's ...
Registered in 0.004396 seconds.
Begin MonoManager ReloadAssembly
Symbol file LoadedFromMemory doesn't match image C:\Users\renat\OneDrive\Documentos\GitHub\gitTime01\Time 01\Library\PackageCache\com.unity.visualscripting@1.6.1\Editor\VisualScripting.Core\Dependencies\YamlDotNet\Unity.VisualScripting.YamlDotNet.dll
Symbol file LoadedFromMemory doesn't match image C:\Users\renat\OneDrive\Documentos\GitHub\gitTime01\Time 01\Library\PackageCache\com.unity.visualscripting@1.6.1\Editor\VisualScripting.Core\Dependencies\DotNetZip\Unity.VisualScripting.IonicZip.dll
Native extension for LinuxStandalone target not found
Native extension for WindowsStandalone target not found
Native extension for OSXStandalone target not found
Refreshing native plugins compatible for Editor in 0.85 ms, found 2 plugins.
Preloading 0 native plugins for Editor in 0.00 ms.
Mono: successfully reloaded assembly
- Completed reload, in  1.374 seconds
Platform modules already initialized, skipping
Shader 'Universal Render Pipeline/Particles/Lit': fallback shader 'Universal Render Pipeline/Particles/SimpleLit' not found
Refreshing native plugins compatible for Editor in 0.97 ms, found 2 plugins.
Preloading 0 native plugins for Editor in 0.00 ms.
Unloading 4438 Unused Serialized files (Serialized files now loaded: 0)
System memory in use before: 195.0 MB.
System memory in use after: 195.1 MB.

Unloading 16 unused Assets to reduce memory usage. Loaded Objects now: 5110.
Total: 4.055300 ms (FindLiveObjects: 0.403800 ms CreateObjectMapping: 0.343900 ms MarkObjects: 3.174200 ms  DeleteObjects: 0.132100 ms)

========================================================================
Received Import Request.
  Time since last request: 110.628112 seconds.
  path: Assets/animacoes/Player/04/Player04.controller
  artifactKey: Guid(417f722d7d862be479fd46e010cc4643) Importer(815301076,1909f56bfc062723c751e8b465ee728b)
Start importing Assets/animacoes/Player/04/Player04.controller using Guid(417f722d7d862be479fd46e010cc4643) Importer(815301076,1909f56bfc062723c751e8b465ee728b)  -> (artifact id: '7a0965d48189a1965d02593d2270a3f2') in 0.027741 seconds 
========================================================================
Received Import Request.
  Time since last request: 41.381087 seconds.
  path: Assets/animacoes/Player/04/Player04.controller
  artifactKey: Guid(417f722d7d862be479fd46e010cc4643) Importer(815301076,1909f56bfc062723c751e8b465ee728b)
Start importing Assets/animacoes/Player/04/Player04.controller using Guid(417f722d7d862be479fd46e010cc4643) Importer(815301076,1909f56bfc062723c751e8b465ee728b)  -> (artifact id: '5c4c4b77742c8c43d31b0ec52ccaa014') in 0.011442 seconds 
========================================================================
Received Prepare
Registering precompiled user dll's ...
Registered in 0.004498 seconds.
Begin MonoManager ReloadAssembly
Symbol file LoadedFromMemory doesn't match image C:\Users\renat\OneDrive\Documentos\GitHub\gitTime01\Time 01\Library\PackageCache\com.unity.visualscripting@1.6.1\Editor\VisualScripting.Core\Dependencies\YamlDotNet\Unity.VisualScripting.YamlDotNet.dll
Symbol file LoadedFromMemory doesn't match image C:\Users\renat\OneDrive\Documentos\GitHub\gitTime01\Time 01\Library\PackageCache\com.unity.visualscripting@1.6.1\Editor\VisualScripting.Core\Dependencies\DotNetZip\Unity.VisualScripting.IonicZip.dll
Native extension for LinuxStandalone target not found
Native extension for WindowsStandalone target not found
Native extension for OSXStandalone target not found
Refreshing native plugins compatible for Editor in 0.90 ms, found 2 plugins.
Preloading 0 native plugins for Editor in 0.00 ms.
Mono: successfully reloaded assembly
- Completed reload, in  1.286 seconds
Platform modules already initialized, skipping
Shader 'Universal Render Pipeline/Particles/Lit': fallback shader 'Universal Render Pipeline/Particles/SimpleLit' not found
Refreshing native plugins compatible for Editor in 0.86 ms, found 2 plugins.
Preloading 0 native plugins for Editor in 0.00 ms.
Unloading 4438 Unused Serialized files (Serialized files now loaded: 0)
System memory in use before: 195.0 MB.
System memory in use after: 195.1 MB.

Unloading 16 unused Assets to reduce memory usage. Loaded Objects now: 5114.
Total: 4.175100 ms (FindLiveObjects: 0.370200 ms CreateObjectMapping: 0.244200 ms MarkObjects: 3.406500 ms  DeleteObjects: 0.135100 ms)

========================================================================
Received Import Request.
  Time since last request: 40.588707 seconds.
  path: Assets/animacoes/Player/04/Player04.controller
  artifactKey: Guid(417f722d7d862be479fd46e010cc4643) Importer(815301076,1909f56bfc062723c751e8b465ee728b)
Start importing Assets/animacoes/Player/04/Player04.controller using Guid(417f722d7d862be479fd46e010cc4643) Importer(815301076,1909f56bfc062723c751e8b465ee728b)  -> (artifact id: '62a2f94bc3dad9560e89b28a4e6f3efb') in 0.022308 seconds 
========================================================================
Received Prepare
Registering precompiled user dll's ...
Registered in 0.004305 seconds.
Begin MonoManager ReloadAssembly
Symbol file LoadedFromMemory doesn't match image C:\Users\renat\OneDrive\Documentos\GitHub\gitTime01\Time 01\Library\PackageCache\com.unity.visualscripting@1.6.1\Editor\VisualScripting.Core\Dependencies\YamlDotNet\Unity.VisualScripting.YamlDotNet.dll
Symbol file LoadedFromMemory doesn't match image C:\Users\renat\OneDrive\Documentos\GitHub\gitTime01\Time 01\Library\PackageCache\com.unity.visualscripting@1.6.1\Editor\VisualScripting.Core\Dependencies\DotNetZip\Unity.VisualScripting.IonicZip.dll
Native extension for LinuxStandalone target not found
Native extension for WindowsStandalone target not found
Native extension for OSXStandalone target not found
Refreshing native plugins compatible for Editor in 0.86 ms, found 2 plugins.
Preloading 0 native plugins for Editor in 0.00 ms.
Mono: successfully reloaded assembly
- Completed reload, in  1.357 seconds
Platform modules already initialized, skipping
Shader 'Universal Render Pipeline/Particles/Lit': fallback shader 'Universal Render Pipeline/Particles/SimpleLit' not found
Refreshing native plugins compatible for Editor in 1.10 ms, found 2 plugins.
Preloading 0 native plugins for Editor in 0.00 ms.
Unloading 4438 Unused Serialized files (Serialized files now loaded: 0)
System memory in use before: 195.0 MB.
System memory in use after: 195.2 MB.

Unloading 16 unused Assets to reduce memory usage. Loaded Objects now: 5118.
Total: 4.060600 ms (FindLiveObjects: 0.400700 ms CreateObjectMapping: 0.281900 ms MarkObjects: 3.238900 ms  DeleteObjects: 0.136700 ms)

========================================================================
Received Prepare
Registering precompiled user dll's ...
Registered in 0.005240 seconds.
Begin MonoManager ReloadAssembly
Symbol file LoadedFromMemory doesn't match image C:\Users\renat\OneDrive\Documentos\GitHub\gitTime01\Time 01\Library\PackageCache\com.unity.visualscripting@1.6.1\Editor\VisualScripting.Core\Dependencies\YamlDotNet\Unity.VisualScripting.YamlDotNet.dll
Symbol file LoadedFromMemory doesn't match image C:\Users\renat\OneDrive\Documentos\GitHub\gitTime01\Time 01\Library\PackageCache\com.unity.visualscripting@1.6.1\Editor\VisualScripting.Core\Dependencies\DotNetZip\Unity.VisualScripting.IonicZip.dll
Native extension for LinuxStandalone target not found
Native extension for WindowsStandalone target not found
Native extension for OSXStandalone target not found
Refreshing native plugins compatible for Editor in 0.95 ms, found 2 plugins.
Preloading 0 native plugins for Editor in 0.00 ms.
Mono: successfully reloaded assembly
- Completed reload, in  1.556 seconds
Platform modules already initialized, skipping
Shader 'Universal Render Pipeline/Particles/Lit': fallback shader 'Universal Render Pipeline/Particles/SimpleLit' not found
Refreshing native plugins compatible for Editor in 1.07 ms, found 2 plugins.
Preloading 0 native plugins for Editor in 0.00 ms.
Unloading 4438 Unused Serialized files (Serialized files now loaded: 0)
System memory in use before: 195.0 MB.
System memory in use after: 195.2 MB.

Unloading 16 unused Assets to reduce memory usage. Loaded Objects now: 5122.
Total: 4.324000 ms (FindLiveObjects: 0.471100 ms CreateObjectMapping: 0.338400 ms MarkObjects: 3.373100 ms  DeleteObjects: 0.139900 ms)

AssetImportWorkerClient::OnTransportError - code=2 error=End of file
